
> @watchnt/web@2.0.0 build C:\Users\aviroop\Desktop\Watchnt\apps\web
> next build

  ▲ Next.js 14.2.3

   Creating an optimized production build ...
 ✓ Compiled successfully
   Linting and checking validity of types ...

   We detected TypeScript in your project and created a tsconfig.json file for you.
   Collecting page data ...
   Generating static pages (0/4) ...
   Generating static pages (1/4) 
   Generating static pages (2/4) 
   Generating static pages (3/4) 
 ✓ Generating static pages (4/4)
   Finalizing page optimization ...
   Collecting build traces ...

Route (app)                              Size     First Load JS
┌ ○ /                                    142 B          87.1 kB
└ ○ /_not-found                          871 B          87.8 kB
+ First Load JS shared by all            86.9 kB
  ├ chunks/381-d727b802bbf325da.js       31.4 kB
  ├ chunks/7384d974-63834c10ffde5d89.js  53.6 kB
  └ other shared chunks (total)          1.84 kB


○  (Static)  prerendered as static content

